<?xml version="1.0" encoding="UTF-8"?>
<!-- Generated by org.testng.reporters.JUnitReportReporter -->
<testsuite hostname="DESKTOP-FODCQ2C" failures="0" tests="1" name="com.crm.inventoryContacts.CreateEditDeleteContactTest" time="23.499" errors="0" timestamp="2023-02-06T14:42:37 IST" skipped="0">
  <testcase classname="com.crm.inventoryContacts.CreateEditDeleteContactTest" name="createEditDeleteContactTest" time="23.499"/>
  <system-out>
    <![CDATA[contact is created
contact is edited successfully
contact is deleted successfully]]>
  </system-out>
</testsuite> <!-- com.crm.inventoryContacts.CreateEditDeleteContactTest -->
