<?xml version="1.0" encoding="UTF-8"?>
<!-- Generated by org.testng.reporters.JUnitReportReporter -->
<testsuite hostname="DESKTOP-FODCQ2C" failures="0" tests="1" name="com.crm.createCampaigns.CreateCampaignTest" time="33.398" errors="0" timestamp="2023-02-06T12:08:49 IST" skipped="0">
  <testcase classname="com.crm.createCampaigns.CreateCampaignTest" name="createCampaignTest" time="33.398"/>
  <system-out>
    <![CDATA[Campaign is created
Campaign is edited
Campaign is deleted]]>
  </system-out>
</testsuite> <!-- com.crm.createCampaigns.CreateCampaignTest -->
