<?xml version="1.0" encoding="UTF-8"?>
<!-- Generated by org.testng.reporters.JUnitReportReporter -->
<testsuite hostname="DESKTOP-FODCQ2C" failures="0" tests="1" name="com.crm.Leads.CreateLeadEditLeadDeleteLead" time="35.489" errors="0" timestamp="2023-02-06T12:44:37 IST" skipped="0">
  <testcase classname="com.crm.Leads.CreateLeadEditLeadDeleteLead" name="createLeadEditLeadDeleteLead" time="35.489"/>
  <system-out>
    <![CDATA[Lead is created
Lead last name is edited
Lead is deleted]]>
  </system-out>
</testsuite> <!-- com.crm.Leads.CreateLeadEditLeadDeleteLead -->
