<?xml version="1.0" encoding="UTF-8"?>
<!-- Generated by org.testng.reporters.JUnitReportReporter -->
<testsuite hostname="DESKTOP-FODCQ2C" failures="0" tests="1" name="com.crm.inventoryVendors.CreateEditDeleteVendorTest" time="25.439" errors="0" timestamp="2023-02-06T14:44:24 IST" skipped="0">
  <testcase classname="com.crm.inventoryVendors.CreateEditDeleteVendorTest" name="createEditDeleteVendorTest" time="25.439"/>
  <system-out>
    <![CDATA[Vendor is successfully created
Vendor is successfully edited
Vendor is successfully Deleted]]>
  </system-out>
</testsuite> <!-- com.crm.inventoryVendors.CreateEditDeleteVendorTest -->
